# JRE version: OpenJDK Runtime Environment (11.0.15) (build 11.0.15+0-b2043.56-9505619)
# Java VM: OpenJDK 64-Bit Server VM (11.0.15+0-b2043.56-9505619, mixed mode, tiered, compressed oops, g1 gc, windows-amd64)
Heap:
 garbage-first heap   total 129024K, used 94199K [0x0000000080000000, 0x0000000100000000)
  region size 1024K, 26 young (26624K), 5 survivors (5120K)
 Metaspace       used 89281K, capacity 91643K, committed 91900K, reserved 1128448K
  class space    used 11710K, capacity 12608K, committed 12696K, reserved 1048576K
GC Heap History (20 events):
Event: 11.723 GC heap before
{Heap before GC invocations=13 (full 0):
 garbage-first heap   total 129024K, used 97844K [0x0000000080000000, 0x0000000100000000)
  region size 1024K, 62 young (63488K), 5 survivors (5120K)
 Metaspace       used 59438K, capacity 60920K, committed 61136K, reserved 1101824K
  class space    used 7594K, capacity 8156K, committed 8268K, reserved 1048576K
}
Event: 11.731 GC heap after
{Heap after GC invocations=14 (full 0):
 garbage-first heap   total 129024K, used 45170K [0x0000000080000000, 0x0000000100000000)
  region size 1024K, 8 young (8192K), 8 survivors (8192K)
 Metaspace       used 59438K, capacity 60920K, committed 61136K, reserved 1101824K
  class space    used 7594K, capacity 8156K, committed 8268K, reserved 1048576K
}
Event: 12.655 GC heap before
{Heap before GC invocations=14 (full 0):
 garbage-first heap   total 129024K, used 104562K [0x0000000080000000, 0x0000000100000000)
  region size 1024K, 59 young (60416K), 8 survivors (8192K)
 Metaspace       used 65905K, capacity 67550K, committed 67920K, reserved 1107968K
  class space    used 8391K, capacity 9045K, committed 9164K, reserved 1048576K
}
Event: 12.666 GC heap after
{Heap after GC invocations=15 (full 0):
 garbage-first heap   total 129024K, used 50168K [0x0000000080000000, 0x0000000100000000)
  region size 1024K, 5 young (5120K), 5 survivors (5120K)
 Metaspace       used 65905K, capacity 67550K, committed 67920K, reserved 1107968K
  class space    used 8391K, capacity 9045K, committed 9164K, reserved 1048576K
}
Event: 13.607 GC heap before
{Heap before GC invocations=15 (full 0):
 garbage-first heap   total 129024K, used 98296K [0x0000000080000000, 0x0000000100000000)
  region size 1024K, 52 young (53248K), 5 survivors (5120K)
 Metaspace       used 69757K, capacity 71417K, committed 71760K, reserved 1112064K
  class space    used 8886K, capacity 9575K, committed 9676K, reserved 1048576K
}
Event: 13.614 GC heap after
{Heap after GC invocations=16 (full 0):
 garbage-first heap   total 129024K, used 54467K [0x0000000080000000, 0x0000000100000000)
  region size 1024K, 4 young (4096K), 4 survivors (4096K)
 Metaspace       used 69757K, capacity 71417K, committed 71760K, reserved 1112064K
  class space    used 8886K, capacity 9575K, committed 9676K, reserved 1048576K
}
Event: 13.764 GC heap before
{Heap before GC invocations=16 (full 0):
 garbage-first heap   total 129024K, used 62659K [0x0000000080000000, 0x0000000100000000)
  region size 1024K, 13 young (13312K), 4 survivors (4096K)
 Metaspace       used 70471K, capacity 72149K, committed 72240K, reserved 1112064K
  class space    used 8979K, capacity 9643K, committed 9676K, reserved 1048576K
}
Event: 13.769 GC heap after
{Heap after GC invocations=17 (full 0):
 garbage-first heap   total 129024K, used 53402K [0x0000000080000000, 0x0000000100000000)
  region size 1024K, 4 young (4096K), 4 survivors (4096K)
 Metaspace       used 70471K, capacity 72149K, committed 72240K, reserved 1112064K
  class space    used 8979K, capacity 9643K, committed 9676K, reserved 1048576K
}
Event: 14.373 GC heap before
{Heap before GC invocations=18 (full 0):
 garbage-first heap   total 129024K, used 100506K [0x0000000080000000, 0x0000000100000000)
  region size 1024K, 50 young (51200K), 4 survivors (4096K)
 Metaspace       used 71116K, capacity 72983K, committed 73212K, reserved 1112064K
  class space    used 9067K, capacity 9789K, committed 9880K, reserved 1048576K
}
Event: 14.377 GC heap after
{Heap after GC invocations=19 (full 0):
 garbage-first heap   total 129024K, used 56616K [0x0000000080000000, 0x0000000100000000)
  region size 1024K, 7 young (7168K), 7 survivors (7168K)
 Metaspace       used 71116K, capacity 72983K, committed 73212K, reserved 1112064K
  class space    used 9067K, capacity 9789K, committed 9880K, reserved 1048576K
}
Event: 15.311 GC heap before
{Heap before GC invocations=19 (full 0):
 garbage-first heap   total 129024K, used 101672K [0x0000000080000000, 0x0000000100000000)
  region size 1024K, 51 young (52224K), 7 survivors (7168K)
 Metaspace       used 76484K, capacity 78329K, committed 78460K, reserved 1118208K
  class space    used 9965K, capacity 10685K, committed 10776K, reserved 1048576K
}
Event: 15.319 GC heap after
{Heap after GC invocations=20 (full 0):
 garbage-first heap   total 129024K, used 59706K [0x0000000080000000, 0x0000000100000000)
  region size 1024K, 7 young (7168K), 7 survivors (7168K)
 Metaspace       used 76484K, capacity 78329K, committed 78460K, reserved 1118208K
  class space    used 9965K, capacity 10685K, committed 10776K, reserved 1048576K
}
Event: 16.371 GC heap before
{Heap before GC invocations=20 (full 0):
 garbage-first heap   total 129024K, used 103738K [0x0000000080000000, 0x0000000100000000)
  region size 1024K, 50 young (51200K), 7 survivors (7168K)
 Metaspace       used 80236K, capacity 82223K, committed 82428K, reserved 1120256K
  class space    used 10513K, capacity 11285K, committed 11416K, reserved 1048576K
}
Event: 16.379 GC heap after
{Heap after GC invocations=21 (full 0):
 garbage-first heap   total 129024K, used 62163K [0x0000000080000000, 0x0000000100000000)
  region size 1024K, 6 young (6144K), 6 survivors (6144K)
 Metaspace       used 80236K, capacity 82223K, committed 82428K, reserved 1120256K
  class space    used 10513K, capacity 11285K, committed 11416K, reserved 1048576K
}
Event: 17.107 GC heap before
{Heap before GC invocations=21 (full 0):
 garbage-first heap   total 129024K, used 104147K [0x0000000080000000, 0x0000000100000000)
  region size 1024K, 47 young (48128K), 6 survivors (6144K)
 Metaspace       used 84637K, capacity 86751K, committed 86780K, reserved 1124352K
  class space    used 11102K, capacity 11900K, committed 11928K, reserved 1048576K
}
Event: 17.114 GC heap after
{Heap after GC invocations=22 (full 0):
 garbage-first heap   total 129024K, used 65385K [0x0000000080000000, 0x0000000100000000)
  region size 1024K, 6 young (6144K), 6 survivors (6144K)
 Metaspace       used 84637K, capacity 86751K, committed 86780K, reserved 1124352K
  class space    used 11102K, capacity 11900K, committed 11928K, reserved 1048576K
}
Event: 17.457 GC heap before
{Heap before GC invocations=22 (full 0):
 garbage-first heap   total 129024K, used 106345K [0x0000000080000000, 0x0000000100000000)
  region size 1024K, 46 young (47104K), 6 survivors (6144K)
 Metaspace       used 85617K, capacity 87763K, committed 87932K, reserved 1126400K
  class space    used 11214K, capacity 12021K, committed 12056K, reserved 1048576K
}
Event: 17.472 GC heap after
{Heap after GC invocations=23 (full 0):
 garbage-first heap   total 129024K, used 69511K [0x0000000080000000, 0x0000000100000000)
  region size 1024K, 6 young (6144K), 6 survivors (6144K)
 Metaspace       used 85617K, capacity 87763K, committed 87932K, reserved 1126400K
  class space    used 11214K, capacity 12021K, committed 12056K, reserved 1048576K
}
Event: 17.948 GC heap before
{Heap before GC invocations=24 (full 0):
 garbage-first heap   total 129024K, used 106375K [0x0000000080000000, 0x0000000100000000)
  region size 1024K, 42 young (43008K), 6 survivors (6144K)
 Metaspace       used 86316K, capacity 88498K, committed 88572K, reserved 1126400K
  class space    used 11345K, capacity 12153K, committed 12184K, reserved 1048576K
}
Event: 17.960 GC heap after
{Heap after GC invocations=25 (full 0):
 garbage-first heap   total 129024K, used 74743K [0x0000000080000000, 0x0000000100000000)
  region size 1024K, 5 young (5120K), 5 survivors (5120K)
 Metaspace       used 86316K, capacity 88498K, committed 88572K, reserved 1126400K
  class space    used 11345K, capacity 12153K, committed 12184K, reserved 1048576K
}

